{"C:\\Users\\FOXTWO\\Documents\\_MBKM\\hacktiv8\\kelas\\sesi-13\\testing\\src\\App.js": {"path":"C:\\Users\\FOXTWO\\Documents\\_MBKM\\hacktiv8\\kelas\\sesi-13\\testing\\src\\App.js","statementMap":{"0":{"start":{"line":14,"column":4},"end":{"line":27,"column":6}}},"fnMap":{"0":{"name":"(anonymous_0)","decl":{"start":{"line":13,"column":2},"end":{"line":13,"column":3}},"loc":{"start":{"line":13,"column":11},"end":{"line":28,"column":3}},"line":13}},"branchMap":{},"s":{"0":1},"f":{"0":1},"b":{},"_coverageSchema":"1a1c01bbd47fc00a2c39e90264f33305004495a9","hash":"66a867dbaf7ff1ace82169d6c688ce139e697441"}
,"C:\\Users\\FOXTWO\\Documents\\_MBKM\\hacktiv8\\kelas\\sesi-13\\testing\\src\\index.js": {"path":"C:\\Users\\FOXTWO\\Documents\\_MBKM\\hacktiv8\\kelas\\sesi-13\\testing\\src\\index.js","statementMap":{"0":{"start":{"line":8,"column":13},"end":{"line":8,"column":65}},"1":{"start":{"line":9,"column":0},"end":{"line":17,"column":2}}},"fnMap":{},"branchMap":{},"s":{"0":0,"1":0},"f":{},"b":{}}
,"C:\\Users\\FOXTWO\\Documents\\_MBKM\\hacktiv8\\kelas\\sesi-13\\testing\\src\\components\\Content.jsx": {"path":"C:\\Users\\FOXTWO\\Documents\\_MBKM\\hacktiv8\\kelas\\sesi-13\\testing\\src\\components\\Content.jsx","statementMap":{"0":{"start":{"line":5,"column":2},"end":{"line":57,"column":4}}},"fnMap":{"0":{"name":"Content","decl":{"start":{"line":4,"column":24},"end":{"line":4,"column":31}},"loc":{"start":{"line":4,"column":34},"end":{"line":58,"column":1}},"line":4}},"branchMap":{},"s":{"0":1},"f":{"0":1},"b":{},"_coverageSchema":"1a1c01bbd47fc00a2c39e90264f33305004495a9","hash":"ad9a26eaa880a122b75fc7dc3014b4636c1f085d"}
,"C:\\Users\\FOXTWO\\Documents\\_MBKM\\hacktiv8\\kelas\\sesi-13\\testing\\src\\components\\Header.jsx": {"path":"C:\\Users\\FOXTWO\\Documents\\_MBKM\\hacktiv8\\kelas\\sesi-13\\testing\\src\\components\\Header.jsx","statementMap":{"0":{"start":{"line":5,"column":2},"end":{"line":67,"column":4}}},"fnMap":{"0":{"name":"Header","decl":{"start":{"line":4,"column":24},"end":{"line":4,"column":30}},"loc":{"start":{"line":4,"column":33},"end":{"line":68,"column":1}},"line":4}},"branchMap":{},"s":{"0":1},"f":{"0":1},"b":{},"_coverageSchema":"1a1c01bbd47fc00a2c39e90264f33305004495a9","hash":"a6473e656228bbb34802a1964cea446cd57a7e15"}
,"C:\\Users\\FOXTWO\\Documents\\_MBKM\\hacktiv8\\kelas\\sesi-13\\testing\\src\\features\\UsersList.jsx": {"path":"C:\\Users\\FOXTWO\\Documents\\_MBKM\\hacktiv8\\kelas\\sesi-13\\testing\\src\\features\\UsersList.jsx","statementMap":{"0":{"start":{"line":6,"column":18},"end":{"line":45,"column":1}},"1":{"start":{"line":7,"column":19},"end":{"line":7,"column":63}},"2":{"start":{"line":7,"column":42},"end":{"line":7,"column":62}},"3":{"start":{"line":8,"column":19},"end":{"line":8,"column":32}},"4":{"start":{"line":10,"column":23},"end":{"line":12,"column":3}},"5":{"start":{"line":11,"column":4},"end":{"line":11,"column":27}},"6":{"start":{"line":14,"column":2},"end":{"line":44,"column":4}},"7":{"start":{"line":33,"column":12},"end":{"line":39,"column":14}}},"fnMap":{"0":{"name":"(anonymous_0)","decl":{"start":{"line":6,"column":18},"end":{"line":6,"column":19}},"loc":{"start":{"line":6,"column":24},"end":{"line":45,"column":1}},"line":6},"1":{"name":"(anonymous_1)","decl":{"start":{"line":7,"column":31},"end":{"line":7,"column":32}},"loc":{"start":{"line":7,"column":42},"end":{"line":7,"column":62}},"line":7},"2":{"name":"(anonymous_2)","decl":{"start":{"line":10,"column":23},"end":{"line":10,"column":24}},"loc":{"start":{"line":10,"column":29},"end":{"line":12,"column":3}},"line":10},"3":{"name":"(anonymous_3)","decl":{"start":{"line":32,"column":24},"end":{"line":32,"column":25}},"loc":{"start":{"line":32,"column":34},"end":{"line":40,"column":11}},"line":32}},"branchMap":{},"s":{"0":2,"1":5,"2":0,"3":0,"4":0,"5":0,"6":0,"7":0},"f":{"0":5,"1":0,"2":0,"3":0},"b":{},"_coverageSchema":"1a1c01bbd47fc00a2c39e90264f33305004495a9","hash":"cd959a27d9105a5aee5d1d9a334757e8d9e7fbdd"}
,"C:\\Users\\FOXTWO\\Documents\\_MBKM\\hacktiv8\\kelas\\sesi-13\\testing\\src\\pages\\Users.jsx": {"path":"C:\\Users\\FOXTWO\\Documents\\_MBKM\\hacktiv8\\kelas\\sesi-13\\testing\\src\\pages\\Users.jsx","statementMap":{"0":{"start":{"line":5,"column":2},"end":{"line":9,"column":3}}},"fnMap":{"0":{"name":"Users","decl":{"start":{"line":4,"column":24},"end":{"line":4,"column":29}},"loc":{"start":{"line":4,"column":32},"end":{"line":10,"column":1}},"line":4}},"branchMap":{},"s":{"0":3},"f":{"0":3},"b":{},"_coverageSchema":"1a1c01bbd47fc00a2c39e90264f33305004495a9","hash":"cba90717bf6498d7117af190403ecbc9b1ec041f"}
}
