TN:
SF:src\App.js
FN:13,(anonymous_0)
FNF:1
FNH:1
FNDA:1,(anonymous_0)
DA:14,1
LF:1
LH:1
BRF:0
BRH:0
end_of_record
TN:
SF:src\index.js
FNF:0
FNH:0
DA:8,0
DA:9,0
LF:2
LH:0
BRF:0
BRH:0
end_of_record
TN:
SF:src\components\Content.jsx
FN:4,Content
FNF:1
FNH:1
FNDA:1,Content
DA:5,1
LF:1
LH:1
BRF:0
BRH:0
end_of_record
TN:
SF:src\components\Header.jsx
FN:4,Header
FNF:1
FNH:1
FNDA:1,Header
DA:5,1
LF:1
LH:1
BRF:0
BRH:0
end_of_record
TN:
SF:src\features\UsersList.jsx
FN:6,(anonymous_0)
FN:7,(anonymous_1)
FN:10,(anonymous_2)
FN:32,(anonymous_3)
FNF:4
FNH:1
FNDA:5,(anonymous_0)
FNDA:0,(anonymous_1)
FNDA:0,(anonymous_2)
FNDA:0,(anonymous_3)
DA:6,2
DA:7,5
DA:8,0
DA:10,0
DA:11,0
DA:14,0
DA:33,0
LF:7
LH:2
BRF:0
BRH:0
end_of_record
TN:
SF:src\pages\Users.jsx
FN:4,Users
FNF:1
FNH:1
FNDA:3,Users
DA:5,3
LF:1
LH:1
BRF:0
BRH:0
end_of_record
